{"timestamp": "2026-01-23T18:05:29.539388", "level": "INFO", "logger": "src.api.app", "message": "Starting Trading Bot API...", "module": "app", "function": "lifespan", "line": 61}
{"timestamp": "2026-01-23T18:05:29.539454", "level": "INFO", "logger": "src.api.app", "message": "Mode: independent, Paper: True", "module": "app", "function": "lifespan", "line": 62}
{"timestamp": "2026-01-23T18:05:29.543039", "level": "INFO", "logger": "src.services.database", "message": "Database initialized: trading_bot.db", "module": "database", "function": "_init_schema", "line": 143}
{"timestamp": "2026-01-23T18:05:29.543097", "level": "INFO", "logger": "src.api.app", "message": "Trading Bot API ready", "module": "app", "function": "lifespan", "line": 95}
{"timestamp": "2026-01-23T18:06:38.565055", "level": "INFO", "logger": "src.api.webhook", "message": "Received webhook: BUY @ 50000.0", "module": "webhook", "function": "receive_tradingview_alert", "line": 88}
{"timestamp": "2026-01-23T18:06:38.565864", "level": "INFO", "logger": "src.services.database", "message": "Database initialized: trading_bot.db", "module": "database", "function": "_init_schema", "line": 143}
{"timestamp": "2026-01-23T18:06:38.566766", "level": "WARNING", "logger": "src.api.webhook", "message": "Signal rejected: Invalid webhook signature", "module": "webhook", "function": "receive_tradingview_alert", "line": 107}
{"timestamp": "2026-01-23T18:07:21.625267", "level": "INFO", "logger": "src.api.webhook", "message": "Received webhook: BUY @ 50000.0", "module": "webhook", "function": "receive_tradingview_alert", "line": 88}
{"timestamp": "2026-01-23T18:07:21.625763", "level": "INFO", "logger": "src.services.database", "message": "Database initialized: trading_bot.db", "module": "database", "function": "_init_schema", "line": 143}
{"timestamp": "2026-01-23T18:07:21.626566", "level": "WARNING", "logger": "src.api.webhook", "message": "Signal rejected: Invalid webhook signature", "module": "webhook", "function": "receive_tradingview_alert", "line": 107}
{"timestamp": "2026-01-23T18:07:59.100819", "level": "INFO", "logger": "src.api.webhook", "message": "Received webhook: BUY @ 50000.0", "module": "webhook", "function": "receive_tradingview_alert", "line": 88}
{"timestamp": "2026-01-23T18:07:59.102169", "level": "INFO", "logger": "src.services.database", "message": "Database initialized: trading_bot.db", "module": "database", "function": "_init_schema", "line": 143}
{"timestamp": "2026-01-23T18:07:59.103149", "level": "WARNING", "logger": "src.api.webhook", "message": "Signal rejected: Invalid webhook signature", "module": "webhook", "function": "receive_tradingview_alert", "line": 107}
{"timestamp": "2026-01-23T18:08:20.132771", "level": "INFO", "logger": "src.api.webhook", "message": "Received webhook: SELL @ 49000.0", "module": "webhook", "function": "receive_tradingview_alert", "line": 88}
{"timestamp": "2026-01-23T18:08:20.133409", "level": "INFO", "logger": "src.services.database", "message": "Database initialized: trading_bot.db", "module": "database", "function": "_init_schema", "line": 143}
{"timestamp": "2026-01-23T18:08:20.134220", "level": "WARNING", "logger": "src.api.webhook", "message": "Signal rejected: Invalid webhook signature", "module": "webhook", "function": "receive_tradingview_alert", "line": 107}
{"timestamp": "2026-01-23T18:08:49.949591", "level": "INFO", "logger": "src.api.webhook", "message": "Received webhook: BUY @ 50000.0", "module": "webhook", "function": "receive_tradingview_alert", "line": 88}
{"timestamp": "2026-01-23T18:08:49.950433", "level": "INFO", "logger": "src.services.database", "message": "Database initialized: trading_bot.db", "module": "database", "function": "_init_schema", "line": 143}
{"timestamp": "2026-01-23T18:08:49.951327", "level": "WARNING", "logger": "src.api.webhook", "message": "Signal rejected: Invalid webhook signature", "module": "webhook", "function": "receive_tradingview_alert", "line": 107}
{"timestamp": "2026-01-23T18:09:13.568299", "level": "WARNING", "logger": "src.utils.validation", "message": "Webhook secret configured but no signature provided", "module": "validation", "function": "validate_signal", "line": 183}
{"timestamp": "2026-01-23T18:09:13.568547", "level": "INFO", "logger": "src.utils.validation", "message": "Signal validated: BUY @ $50,000.00, ADX=25.00, braid=green", "module": "validation", "function": "validate_signal", "line": 265}
{"timestamp": "2026-01-23T18:09:35.010828", "level": "WARNING", "logger": "src.utils.validation", "message": "Webhook secret configured but no signature provided", "module": "validation", "function": "validate_signal", "line": 183}
{"timestamp": "2026-01-23T18:09:35.011042", "level": "INFO", "logger": "src.utils.validation", "message": "Signal validated: SELL @ $49,000.00, ADX=25.00, braid=red", "module": "validation", "function": "validate_signal", "line": 265}
{"timestamp": "2026-01-23T18:09:35.854158", "level": "WARNING", "logger": "src.utils.validation", "message": "Webhook secret configured but no signature provided", "module": "validation", "function": "validate_signal", "line": 183}
{"timestamp": "2026-01-23T18:11:10.778188", "level": "INFO", "logger": "src.api.webhook", "message": "Received webhook: SELL @ 49000.0", "module": "webhook", "function": "receive_tradingview_alert", "line": 88}
{"timestamp": "2026-01-23T18:11:10.779800", "level": "INFO", "logger": "src.services.database", "message": "Database initialized: trading_bot.db", "module": "database", "function": "_init_schema", "line": 143}
{"timestamp": "2026-01-23T18:11:10.781503", "level": "WARNING", "logger": "src.api.webhook", "message": "Signal rejected: Invalid webhook signature", "module": "webhook", "function": "receive_tradingview_alert", "line": 107}
{"timestamp": "2026-01-23T18:11:16.302892", "level": "INFO", "logger": "src.api.webhook", "message": "Received webhook: BUY @ 50000.0", "module": "webhook", "function": "receive_tradingview_alert", "line": 88}
{"timestamp": "2026-01-23T18:11:16.303340", "level": "INFO", "logger": "src.services.database", "message": "Database initialized: trading_bot.db", "module": "database", "function": "_init_schema", "line": 143}
{"timestamp": "2026-01-23T18:11:16.303626", "level": "WARNING", "logger": "src.api.webhook", "message": "Signal rejected: Invalid webhook signature", "module": "webhook", "function": "receive_tradingview_alert", "line": 107}
{"timestamp": "2026-01-23T18:11:41.603904", "level": "WARNING", "logger": "src.utils.validation", "message": "Webhook secret configured but no signature provided", "module": "validation", "function": "validate_signal", "line": 183}
{"timestamp": "2026-01-23T18:11:41.604128", "level": "INFO", "logger": "src.utils.validation", "message": "Signal validated: BUY @ $50,000.00, ADX=25.00, braid=green", "module": "validation", "function": "validate_signal", "line": 265}
{"timestamp": "2026-01-23T18:11:49.316021", "level": "WARNING", "logger": "src.utils.validation", "message": "Webhook secret configured but no signature provided", "module": "validation", "function": "validate_signal", "line": 183}
{"timestamp": "2026-01-23T18:11:49.316144", "level": "INFO", "logger": "src.utils.validation", "message": "Signal validated: SELL @ $49,000.00, ADX=25.00, braid=red", "module": "validation", "function": "validate_signal", "line": 265}
{"timestamp": "2026-01-23T18:13:27.584386", "level": "WARNING", "logger": "src.utils.validation", "message": "Webhook secret configured but no signature provided", "module": "validation", "function": "validate_signal", "line": 183}
{"timestamp": "2026-01-23T18:13:27.585640", "level": "INFO", "logger": "src.utils.validation", "message": "Signal validated: BUY @ $50,000.00, ADX=25.00, braid=green", "module": "validation", "function": "validate_signal", "line": 265}
{"timestamp": "2026-01-23T18:13:44.751568", "level": "WARNING", "logger": "src.utils.validation", "message": "Webhook secret configured but no signature provided", "module": "validation", "function": "validate_signal", "line": 183}
{"timestamp": "2026-01-23T18:13:44.751805", "level": "INFO", "logger": "src.utils.validation", "message": "Signal validated: BUY @ $50,000.00, ADX=25.00, braid=green", "module": "validation", "function": "validate_signal", "line": 265}
{"timestamp": "2026-01-23T18:14:00.355871", "level": "WARNING", "logger": "src.utils.validation", "message": "Webhook secret configured but no signature provided", "module": "validation", "function": "validate_signal", "line": 183}
{"timestamp": "2026-01-23T18:14:00.356190", "level": "INFO", "logger": "src.utils.validation", "message": "Signal validated: SELL @ $51,000.00, ADX=25.00, braid=red", "module": "validation", "function": "validate_signal", "line": 265}
{"timestamp": "2026-01-23T18:14:21.361816", "level": "WARNING", "logger": "src.utils.validation", "message": "Webhook secret configured but no signature provided", "module": "validation", "function": "validate_signal", "line": 183}
{"timestamp": "2026-01-23T18:14:21.362816", "level": "INFO", "logger": "src.utils.validation", "message": "Signal validated: BUY @ $50,000.00, ADX=25.00, braid=green", "module": "validation", "function": "validate_signal", "line": 265}
{"timestamp": "2026-01-23T18:14:28.455908", "level": "WARNING", "logger": "src.utils.validation", "message": "Webhook secret configured but no signature provided", "module": "validation", "function": "validate_signal", "line": 183}
{"timestamp": "2026-01-23T18:14:55.106970", "level": "WARNING", "logger": "src.utils.validation", "message": "Webhook secret configured but no signature provided", "module": "validation", "function": "validate_signal", "line": 183}
{"timestamp": "2026-01-23T18:14:55.107198", "level": "INFO", "logger": "src.utils.validation", "message": "Signal validated: BUY @ $50,000.00, ADX=25.00, braid=green", "module": "validation", "function": "validate_signal", "line": 265}
{"timestamp": "2026-01-23T18:21:07.447310", "level": "INFO", "logger": "src.api.app", "message": "Starting Trading Bot API...", "module": "app", "function": "lifespan", "line": 61}
{"timestamp": "2026-01-23T18:21:07.448500", "level": "INFO", "logger": "src.api.app", "message": "Mode: independent, Paper: True", "module": "app", "function": "lifespan", "line": 62}
{"timestamp": "2026-01-23T18:21:07.450136", "level": "INFO", "logger": "src.services.database", "message": "Database initialized: trading_bot.db", "module": "database", "function": "_init_schema", "line": 143}
{"timestamp": "2026-01-23T18:21:07.450549", "level": "INFO", "logger": "src.api.app", "message": "Trading Bot API ready", "module": "app", "function": "lifespan", "line": 95}
{"timestamp": "2026-01-23T18:22:27.587685", "level": "INFO", "logger": "src.api.webhook", "message": "Received webhook: BUY @ 52000.0", "module": "webhook", "function": "receive_tradingview_alert", "line": 88}
{"timestamp": "2026-01-23T18:22:27.589313", "level": "INFO", "logger": "src.services.database", "message": "Database initialized: trading_bot.db", "module": "database", "function": "_init_schema", "line": 143}
{"timestamp": "2026-01-23T18:22:27.590229", "level": "INFO", "logger": "src.utils.validation", "message": "Signal validated: BUY @ $52,000.00, ADX=25.00, braid=green", "module": "validation", "function": "validate_signal", "line": 265}
{"timestamp": "2026-01-23T18:22:27.591208", "level": "INFO", "logger": "src.services.trade_executor", "message": "Processing signal: BUY @ $52,000.00", "module": "trade_executor", "function": "process_signal", "line": 78}
{"timestamp": "2026-01-23T18:22:27.591919", "level": "INFO", "logger": "src.services.trade_executor", "message": "Paper trading: using simulated prices and equity", "module": "trade_executor", "function": "process_signal", "line": 118}
{"timestamp": "2026-01-23T18:22:27.591966", "level": "INFO", "logger": "src.utils.risk", "message": "Position calculated: size=0.06410256 BTC, value=$3,333.33, risk=$200.00 (2.0%), SL=$48,880.00, TP=$59,800.00", "module": "risk", "function": "calculate_position_size", "line": 161}
{"timestamp": "2026-01-23T18:22:27.592032", "level": "INFO", "logger": "src.services.trade_executor", "message": "Paper trade executed: long 0.064103 BTC @ $52,000.00", "module": "trade_executor", "function": "process_signal", "line": 203}
{"timestamp": "2026-01-23T18:22:27.593742", "level": "INFO", "logger": "src.services.trade_executor", "message": "Trade opened on coinbase_paper: paper_fe4d25715b64", "module": "trade_executor", "function": "process_signal", "line": 236}
{"timestamp": "2026-01-23T18:22:27.594767", "level": "INFO", "logger": "src.api.webhook", "message": "Signal processed successfully: 6528617426449407", "module": "webhook", "function": "process_signal_async", "line": 141}
{"timestamp": "2026-01-23T18:23:24.754637", "level": "INFO", "logger": "src.api.webhook", "message": "Received webhook: SELL @ 52032.0", "module": "webhook", "function": "receive_tradingview_alert", "line": 88}
{"timestamp": "2026-01-23T18:23:24.756172", "level": "INFO", "logger": "src.services.database", "message": "Database initialized: trading_bot.db", "module": "database", "function": "_init_schema", "line": 143}
{"timestamp": "2026-01-23T18:23:24.756944", "level": "INFO", "logger": "src.utils.validation", "message": "Signal validated: SELL @ $52,032.00, ADX=25.00, braid=red", "module": "validation", "function": "validate_signal", "line": 265}
{"timestamp": "2026-01-23T18:23:24.757188", "level": "INFO", "logger": "src.services.trade_executor", "message": "Processing signal: SELL @ $52,032.00", "module": "trade_executor", "function": "process_signal", "line": 78}
{"timestamp": "2026-01-23T18:23:24.758099", "level": "INFO", "logger": "src.services.trade_executor", "message": "Paper trading: using simulated prices and equity", "module": "trade_executor", "function": "process_signal", "line": 118}
{"timestamp": "2026-01-23T18:23:24.758144", "level": "INFO", "logger": "src.utils.risk", "message": "Position calculated: size=0.06406314 BTC, value=$3,333.33, risk=$200.00 (2.0%), SL=$55,153.92, TP=$44,227.20", "module": "risk", "function": "calculate_position_size", "line": 161}
{"timestamp": "2026-01-23T18:23:24.758201", "level": "INFO", "logger": "src.services.trade_executor", "message": "Paper trade executed: short 0.064063 BTC @ $52,032.00", "module": "trade_executor", "function": "process_signal", "line": 203}
{"timestamp": "2026-01-23T18:23:24.759777", "level": "INFO", "logger": "src.services.trade_executor", "message": "Trade opened on coinbase_paper: paper_b645d52ae3ad", "module": "trade_executor", "function": "process_signal", "line": 236}
{"timestamp": "2026-01-23T18:23:24.760673", "level": "INFO", "logger": "src.api.webhook", "message": "Signal processed successfully: 39f8b4ba9b76316d", "module": "webhook", "function": "process_signal_async", "line": 141}
{"timestamp": "2026-01-23T18:33:35.172694", "level": "INFO", "logger": "src.api.app", "message": "Starting Trading Bot API...", "module": "app", "function": "lifespan", "line": 61}
{"timestamp": "2026-01-23T18:33:35.173563", "level": "INFO", "logger": "src.api.app", "message": "Mode: independent, Paper: True", "module": "app", "function": "lifespan", "line": 62}
{"timestamp": "2026-01-23T18:33:35.175425", "level": "INFO", "logger": "src.services.database", "message": "Database initialized: trading_bot.db", "module": "database", "function": "_init_schema", "line": 143}
{"timestamp": "2026-01-23T18:33:35.175772", "level": "INFO", "logger": "src.api.app", "message": "Trading Bot API ready", "module": "app", "function": "lifespan", "line": 95}
{"timestamp": "2026-01-23T18:33:35.176065", "level": "INFO", "logger": "src.api.app", "message": "Shutting down Trading Bot API...", "module": "app", "function": "lifespan", "line": 100}
{"timestamp": "2026-01-23T18:33:35.176089", "level": "INFO", "logger": "src.api.app", "message": "Trading Bot API shutdown complete", "module": "app", "function": "lifespan", "line": 115}
{"timestamp": "2026-01-23T18:34:00.869172", "level": "INFO", "logger": "src.api.app", "message": "Starting Trading Bot API...", "module": "app", "function": "lifespan", "line": 61}
{"timestamp": "2026-01-23T18:34:00.870291", "level": "INFO", "logger": "src.api.app", "message": "Mode: independent, Paper: True", "module": "app", "function": "lifespan", "line": 62}
{"timestamp": "2026-01-23T18:34:00.872017", "level": "INFO", "logger": "src.services.database", "message": "Database initialized: trading_bot.db", "module": "database", "function": "_init_schema", "line": 143}
{"timestamp": "2026-01-23T18:34:00.872462", "level": "INFO", "logger": "src.api.app", "message": "Trading Bot API ready", "module": "app", "function": "lifespan", "line": 95}
{"timestamp": "2026-01-23T18:34:34.552175", "level": "INFO", "logger": "src.api.webhook", "message": "Received webhook: BUY @ 50000.0", "module": "webhook", "function": "receive_tradingview_alert", "line": 88}
{"timestamp": "2026-01-23T18:34:34.553250", "level": "INFO", "logger": "src.services.database", "message": "Database initialized: trading_bot.db", "module": "database", "function": "_init_schema", "line": 143}
{"timestamp": "2026-01-23T18:34:34.554440", "level": "INFO", "logger": "src.utils.validation", "message": "Signal validated: BUY @ $50,000.00, ADX=25.00, braid=green", "module": "validation", "function": "validate_signal", "line": 265}
{"timestamp": "2026-01-23T18:34:34.554748", "level": "INFO", "logger": "src.services.trade_executor", "message": "Processing signal: BUY @ $50,000.00", "module": "trade_executor", "function": "process_signal", "line": 78}
{"timestamp": "2026-01-23T18:34:34.555888", "level": "INFO", "logger": "src.services.trade_executor", "message": "Paper trading: using simulated prices and equity", "module": "trade_executor", "function": "process_signal", "line": 118}
{"timestamp": "2026-01-23T18:34:34.555941", "level": "INFO", "logger": "src.utils.risk", "message": "Position calculated: size=0.06666667 BTC, value=$3,333.33, risk=$200.00 (2.0%), SL=$47,000.00, TP=$57,500.00", "module": "risk", "function": "calculate_position_size", "line": 161}
{"timestamp": "2026-01-23T18:34:34.556003", "level": "INFO", "logger": "src.services.trade_executor", "message": "Paper trade executed: long 0.066667 BTC @ $50,000.00", "module": "trade_executor", "function": "process_signal", "line": 203}
{"timestamp": "2026-01-23T18:34:34.557620", "level": "INFO", "logger": "src.services.trade_executor", "message": "Trade opened on coinbase_paper: paper_452eb25dcf71", "module": "trade_executor", "function": "process_signal", "line": 236}
{"timestamp": "2026-01-23T18:34:34.558641", "level": "INFO", "logger": "src.api.webhook", "message": "Signal processed successfully: 93395a2bf9777882", "module": "webhook", "function": "process_signal_async", "line": 141}
{"timestamp": "2026-01-23T18:35:28.662653", "level": "INFO", "logger": "src.api.app", "message": "Starting Trading Bot API...", "module": "app", "function": "lifespan", "line": 61}
{"timestamp": "2026-01-23T18:35:28.662706", "level": "INFO", "logger": "src.api.app", "message": "Mode: independent, Paper: True", "module": "app", "function": "lifespan", "line": 62}
{"timestamp": "2026-01-23T18:35:28.664549", "level": "INFO", "logger": "src.services.database", "message": "Database initialized: trading_bot.db", "module": "database", "function": "_init_schema", "line": 143}
{"timestamp": "2026-01-23T18:35:28.664876", "level": "INFO", "logger": "src.api.app", "message": "Trading Bot API ready", "module": "app", "function": "lifespan", "line": 95}
{"timestamp": "2026-01-25T08:36:24.531283", "level": "INFO", "logger": "src.api.app", "message": "Starting Trading Bot API...", "module": "app", "function": "lifespan", "line": 61}
{"timestamp": "2026-01-25T08:36:24.531596", "level": "INFO", "logger": "src.api.app", "message": "Mode: independent, Paper: True", "module": "app", "function": "lifespan", "line": 62}
{"timestamp": "2026-01-25T08:36:24.533189", "level": "INFO", "logger": "src.services.database", "message": "Database initialized: trading_bot.db", "module": "database", "function": "_init_schema", "line": 143}
{"timestamp": "2026-01-25T08:36:24.533551", "level": "INFO", "logger": "src.api.app", "message": "Trading Bot API ready", "module": "app", "function": "lifespan", "line": 95}
{"timestamp": "2026-01-25T08:51:06.272077", "level": "INFO", "logger": "src.api.app", "message": "Starting Trading Bot API...", "module": "app", "function": "lifespan", "line": 61}
{"timestamp": "2026-01-25T08:51:06.272206", "level": "INFO", "logger": "src.api.app", "message": "Mode: independent, Paper: True", "module": "app", "function": "lifespan", "line": 62}
{"timestamp": "2026-01-25T08:51:06.274758", "level": "INFO", "logger": "src.services.database", "message": "Database initialized: trading_bot.db", "module": "database", "function": "_init_schema", "line": 143}
{"timestamp": "2026-01-25T08:51:06.275387", "level": "INFO", "logger": "src.api.app", "message": "Trading Bot API ready", "module": "app", "function": "lifespan", "line": 95}
{"timestamp": "2026-01-25T09:30:57.263696", "level": "INFO", "logger": "src.api.app", "message": "Starting Trading Bot API...", "module": "app", "function": "lifespan", "line": 61}
{"timestamp": "2026-01-25T09:30:57.263868", "level": "INFO", "logger": "src.api.app", "message": "Mode: independent, Paper: True", "module": "app", "function": "lifespan", "line": 62}
{"timestamp": "2026-01-25T09:30:57.265509", "level": "INFO", "logger": "src.services.database", "message": "Database initialized: trading_bot.db", "module": "database", "function": "_init_schema", "line": 143}
{"timestamp": "2026-01-25T09:30:57.265907", "level": "INFO", "logger": "src.api.app", "message": "Trading Bot API ready", "module": "app", "function": "lifespan", "line": 95}
{"timestamp": "2026-01-25T09:31:01.025143", "level": "INFO", "logger": "src.api.webhook", "message": "Received webhook: BUY @ 50000.0", "module": "webhook", "function": "receive_tradingview_alert", "line": 88}
{"timestamp": "2026-01-25T09:31:01.025516", "level": "INFO", "logger": "src.services.database", "message": "Database initialized: trading_bot.db", "module": "database", "function": "_init_schema", "line": 143}
{"timestamp": "2026-01-25T09:31:01.025848", "level": "WARNING", "logger": "src.utils.validation", "message": "Webhook secret configured but no signature provided", "module": "validation", "function": "validate_signal", "line": 183}
{"timestamp": "2026-01-25T09:31:01.025920", "level": "INFO", "logger": "src.utils.validation", "message": "Signal validated: BUY @ $50,000.00, ADX=25.00, braid=green", "module": "validation", "function": "validate_signal", "line": 265}
{"timestamp": "2026-01-25T09:31:01.026173", "level": "INFO", "logger": "src.services.trade_executor", "message": "Processing signal: BUY @ $50,000.00", "module": "trade_executor", "function": "process_signal", "line": 78}
{"timestamp": "2026-01-25T09:31:01.026733", "level": "INFO", "logger": "src.services.trade_executor", "message": "Paper trading: using simulated prices and equity", "module": "trade_executor", "function": "process_signal", "line": 118}
{"timestamp": "2026-01-25T09:31:01.026785", "level": "INFO", "logger": "src.utils.risk", "message": "Position calculated: size=0.06666667 BTC, value=$3,333.33, risk=$200.00 (2.0%), SL=$47,000.00, TP=$57,500.00", "module": "risk", "function": "calculate_position_size", "line": 161}
{"timestamp": "2026-01-25T09:31:01.026946", "level": "INFO", "logger": "src.services.trade_executor", "message": "Paper trade executed: long 0.066667 BTC @ $50,000.00", "module": "trade_executor", "function": "process_signal", "line": 203}
{"timestamp": "2026-01-25T09:31:01.030187", "level": "INFO", "logger": "src.services.trade_executor", "message": "Trade opened on coinbase_paper: paper_5f7cb4c03880", "module": "trade_executor", "function": "process_signal", "line": 236}
{"timestamp": "2026-01-25T09:31:01.031129", "level": "INFO", "logger": "src.api.webhook", "message": "Signal processed successfully: 1a07247946ee9919", "module": "webhook", "function": "process_signal_async", "line": 141}
